<?xml version="1.0" encoding="UTF-8"?>
<!-- Generated by org.testng.reporters.JUnitReportReporter -->
<testsuite hostname="GAJENDRA-LAPTOP" failures="0" tests="1" name="app.sample.Portal.UpdateNameGajendraSaxena" time="35.910" errors="0" timestamp="2022-07-07T23:42:31 IST" skipped="0">
  <testcase classname="app.sample.Portal.UpdateNameGajendraSaxena" name="applaunch" time="35.910"/>
  <system-out/>
</testsuite> <!-- app.sample.Portal.UpdateNameGajendraSaxena -->
