<?xml version="1.0" encoding="UTF-8"?>
<!-- Generated by org.testng.reporters.JUnitReportReporter -->
<testsuite hostname="DESKTOP-HGGBPMG" failures="0" tests="1" name="app.sample.Portal.App" time="21.323" errors="0" timestamp="2021-06-14T09:32:26 IST" skipped="0">
  <testcase classname="app.sample.Portal.App" name="loadbrowser" time="21.323"/>
  <system-out/>
</testsuite> <!-- app.sample.Portal.App -->
