<?xml version="1.0" encoding="UTF-8"?>
<!-- Generated by org.testng.reporters.JUnitReportReporter -->
<testsuite skipped="0" hostname="DESKTOP-HGGBPMG" name="app.sample.Portal.UpdateNameGajendraSaxena" tests="1" failures="0" timestamp="2021-07-26T21:45:17 IST" time="25.829" errors="0">
  <testcase name="applaunch" time="25.829" classname="app.sample.Portal.UpdateNameGajendraSaxena"/>
  <system-out/>
</testsuite> <!-- app.sample.Portal.UpdateNameGajendraSaxena -->
