<?xml version="1.0" encoding="UTF-8"?>
<!-- Generated by org.testng.reporters.JUnitReportReporter -->
<testsuite skipped="0" hostname="DESKTOP-HGGBPMG" name="app.sample.Portal.NewAanchal" tests="1" failures="0" timestamp="2021-06-20T11:38:04 IST" time="32.217" errors="0">
  <testcase name="applaunch" time="32.217" classname="app.sample.Portal.NewAanchal"/>
  <system-out/>
</testsuite> <!-- app.sample.Portal.NewAanchal -->
