<?xml version="1.0" encoding="UTF-8"?>
<!-- Generated by org.testng.reporters.JUnitReportReporter -->
<testsuite skipped="0" hostname="DESKTOP-HGGBPMG" name="app.sample.Portal.UpdateNameAsthanaAanchal" tests="1" failures="0" timestamp="2021-07-26T21:44:43 IST" time="26.516" errors="0">
  <testcase name="applaunch" time="26.516" classname="app.sample.Portal.UpdateNameAsthanaAanchal"/>
  <system-out/>
</testsuite> <!-- app.sample.Portal.UpdateNameAsthanaAanchal -->
