<?xml version="1.0" encoding="UTF-8"?>
<!-- Generated by org.testng.reporters.JUnitReportReporter -->
<testsuite skipped="0" hostname="DESKTOP-HGGBPMG" name="app.sample.Portal.NewAanchal" tests="1" failures="0" timestamp="2021-07-26T17:18:10 IST" time="35.034" errors="0">
  <testcase name="applaunch" time="35.034" classname="app.sample.Portal.NewAanchal"/>
  <system-out/>
</testsuite> <!-- app.sample.Portal.NewAanchal -->
