<?xml version="1.0" encoding="UTF-8"?>
<!-- Generated by org.testng.reporters.JUnitReportReporter -->
<testsuite hostname="GAJENDRA-LAPTOP" failures="0" tests="1" name="app.sample.Portal.NewSample" time="46.330" errors="0" timestamp="2022-05-05T00:08:57 IST" skipped="0">
  <testcase classname="app.sample.Portal.NewSample" name="applaunch" time="46.330"/>
  <system-out/>
</testsuite> <!-- app.sample.Portal.NewSample -->
