<?xml version="1.0" encoding="UTF-8"?>
<!-- Generated by org.testng.reporters.JUnitReportReporter -->
<testsuite skipped="0" hostname="DESKTOP-HGGBPMG" name="app.sample.Portal.App" tests="1" failures="0" timestamp="2021-06-16T09:52:25 IST" time="22.647" errors="0">
  <testcase name="loadbrowser" time="22.647" classname="app.sample.Portal.App"/>
  <system-out/>
</testsuite> <!-- app.sample.Portal.App -->
