<?xml version="1.0" encoding="UTF-8"?>
<!-- Generated by org.testng.reporters.JUnitReportReporter -->
<testsuite skipped="0" hostname="DESKTOP-HGGBPMG" name="app.sample.Portal.UpdateNameSaxenaGajendra" tests="1" failures="0" timestamp="2021-07-26T21:45:54 IST" time="35.130" errors="0">
  <testcase name="applaunch" time="35.130" classname="app.sample.Portal.UpdateNameSaxenaGajendra"/>
  <system-out/>
</testsuite> <!-- app.sample.Portal.UpdateNameSaxenaGajendra -->
