<?xml version="1.0" encoding="UTF-8"?>
<!-- Generated by org.testng.reporters.JUnitReportReporter -->
<testsuite skipped="0" hostname="DESKTOP-HGGBPMG" name="app.sample.Portal.NewSample" tests="1" failures="0" timestamp="2021-06-16T09:58:07 IST" time="6.502" errors="0">
  <testcase name="applaunch" time="6.502" classname="app.sample.Portal.NewSample"/>
  <system-out/>
</testsuite> <!-- app.sample.Portal.NewSample -->
