<?xml version="1.0" encoding="UTF-8"?>
<!-- Generated by org.testng.reporters.JUnitReportReporter -->
<testsuite skipped="0" hostname="DESKTOP-HGGBPMG" name="app.sample.Portal.NewSample" tests="1" failures="0" timestamp="2021-06-20T11:57:11 IST" time="63.288" errors="0">
  <testcase name="applaunch" time="63.288" classname="app.sample.Portal.NewSample"/>
  <system-out/>
</testsuite> <!-- app.sample.Portal.NewSample -->
