<?xml version="1.0" encoding="UTF-8"?>
<!-- Generated by org.testng.reporters.JUnitReportReporter -->
<testsuite hostname="GAJENDRA-LAPTOP" failures="0" tests="1" name="app.sample.Portal.UpdateNameAsthanaAanchal" time="29.054" errors="0" timestamp="2022-07-21T08:20:49 IST" skipped="0">
  <testcase classname="app.sample.Portal.UpdateNameAsthanaAanchal" name="applaunch" time="29.054"/>
  <system-out/>
</testsuite> <!-- app.sample.Portal.UpdateNameAsthanaAanchal -->
