<?xml version="1.0" encoding="UTF-8"?>
<!-- Generated by org.testng.reporters.JUnitReportReporter -->
<testsuite hostname="GAJENDRA-LAPTOP" failures="0" tests="1" name="app.sample.Portal.UpdateNameAanchalAsthana" time="29.752" errors="0" timestamp="2022-07-21T08:21:55 IST" skipped="0">
  <testcase classname="app.sample.Portal.UpdateNameAanchalAsthana" name="applaunch" time="29.752"/>
  <system-out/>
</testsuite> <!-- app.sample.Portal.UpdateNameAanchalAsthana -->
