<?xml version="1.0" encoding="UTF-8"?>
<!-- Generated by org.testng.reporters.JUnitReportReporter -->
<testsuite skipped="0" hostname="DESKTOP-HGGBPMG" name="app.sample.Portal.UpdateNameAanchalAsthana" tests="1" failures="0" timestamp="2021-07-26T21:44:04 IST" time="25.862" errors="0">
  <testcase name="applaunch" time="25.862" classname="app.sample.Portal.UpdateNameAanchalAsthana"/>
  <system-out/>
</testsuite> <!-- app.sample.Portal.UpdateNameAanchalAsthana -->
