<?xml version="1.0" encoding="UTF-8"?>
<!-- Generated by org.testng.reporters.JUnitReportReporter -->
<testsuite skipped="0" hostname="DESKTOP-HGGBPMG" name="app.sample.Portal.NewSample" tests="1" failures="0" timestamp="2021-06-22T17:45:20 IST" time="45.126" errors="0">
  <testcase name="applaunch" time="45.126" classname="app.sample.Portal.NewSample"/>
  <system-out/>
</testsuite> <!-- app.sample.Portal.NewSample -->
