<?xml version="1.0" encoding="UTF-8"?>
<!-- Generated by org.testng.reporters.JUnitReportReporter -->
<testsuite hostname="GAJENDRA-LAPTOP" failures="0" tests="1" name="app.sample.Portal.UpdateNameSaxenaGajendra" time="32.117" errors="0" timestamp="2022-05-05T00:08:57 IST" skipped="0">
  <testcase classname="app.sample.Portal.UpdateNameSaxenaGajendra" name="applaunch" time="32.117"/>
  <system-out/>
</testsuite> <!-- app.sample.Portal.UpdateNameSaxenaGajendra -->
