<?xml version="1.0" encoding="UTF-8"?>
<!-- Generated by org.testng.reporters.JUnitReportReporter -->
<testsuite skipped="0" hostname="DESKTOP-HGGBPMG" name="app.sample.Portal.UpdateNameGajendra" tests="1" failures="0" timestamp="2021-06-26T00:29:54 IST" time="24.183" errors="0">
  <testcase name="applaunch" time="24.183" classname="app.sample.Portal.UpdateNameGajendra"/>
  <system-out/>
</testsuite> <!-- app.sample.Portal.UpdateNameGajendra -->
