<?xml version="1.0" encoding="UTF-8"?>
<!-- Generated by org.testng.reporters.JUnitReportReporter -->
<testsuite hostname="GAJENDRA-LAPTOP" failures="0" tests="1" name="app.sample.Portal.NewAanchal" time="51.396" errors="0" timestamp="2022-07-21T08:18:43 IST" skipped="0">
  <testcase classname="app.sample.Portal.NewAanchal" name="applaunch" time="51.396"/>
  <system-out/>
</testsuite> <!-- app.sample.Portal.NewAanchal -->
